<?xml version="1.0" encoding="UTF-8"?>
<!-- Generated by org.testng.reporters.JUnitXMLReporter -->
<testsuite ignored="1" hostname="DESKTOP-RBIEAIO" failures="0" tests="1" name="TestGoogle" time="64.087" errors="0" timestamp="2023-02-26T13:03:07 IST">
  <testcase classname="com.Gaya.Test.FirstTest" name="TestGoogle" time="64.081"/>
  <testcase classname="com.Gaya.Test.FirstTest" name="TestFacebook" time="0.0">
    <ignored/>
  </testcase> <!-- TestFacebook -->
</testsuite> <!-- TestGoogle -->
